100
0 523 748 804 957 999 1012 1079 1332 1497 1502 1564 1766 1943 2238 2590 3057 3337 3588 3705 4290 4657 4720 5089 5579 5907 5921 5975 6158 6761 6810 7072 7268 7659 7667 7688 8128 8243 8937 9151 9309 9955
1 404 690 700 708 884 977 1044 2167 2257 2295 2447 2493 2848 2852 3099 3175 3923 4176 4247 4594 4739 4782 5214 5423 5507 5515 5599 6012 6297 6889 7161 7300 7475 7862 7926 8492 8496 9178 9244 9649
2 15 112 285 418 525 878 1683 1715 1772 1874 1958 2161 3114 3438 3860 4041 4695 4729 4745 5045 5285 5335 5704 5871 6270 6392 6402 6698 7055 7166 7235 7444 7475 7594 8259 8343 8444 8473 9002 9353 9525
3 125 444 594 687 708 1215 1813 1870 2039 2112 2153 2354 3019 3048 3083 3244 3434 3441 3692 3936 4096 4131 4230 4384 4391 4551 4608 4714 4874 5504 5607 5871 6102 6241 6465 6861 7058 7221 7233 8031 8069 8116 8783 8903 9076
4 54 289 1085 1291 1463 1510 1691 1915 1938 1999 2264 2316 3700 4085 4099 4658 4872 4997 5397 5438 5499 5592 5880 6196 7884 7949 8232 8359 8556 8830 9047 9393 9545 9591 9634 9709 9798 9847 9977
5 245 409 734 1051 1187 1584 1597 1655 1675 1801 1803 2095 2478 2655 2713 3069 3106 3278 3974 4165 4264 4275 5516 5692 5764 5804 5806 6315 6796 6861 7624 7922 9233 9306 9312 9467 9765 9904 9954
6 47 75 188 319 782 1433 1845 2762 3419 4054 4538 4662 4682 4768 4790 5098 5304 5347 5404 5429 5609 5707 5779 6338 6635 7389 7401 7463 7802 7824 8332 8457 8458 8668 8866 9215 9897 9923
7 403 776 1076 1241 1881 1975 2036 2053 2414 2516 2833 3096 3123 3702 3954 4535 4737 5258 6178 6302 6597 6598 6838 7194 7789 7974 8063 8882 9144 9263
8 394 525 814 970 1091 1232 1310 1312 1334 1378 1603 2098 2699 2878 2952 3014 3248 3377 4067 4203 4413 5854 5995 6194 6813 7196 7217 7496 7508 7730 7792 8069 8111 8177 8789 8883 8905
9 140 675 716 1266 2066 2253 2256 2283 2798 2999 3447 3489 3598 3931 3977 4097 4623 4816 4902 4962 5835 6055 6186 6339 6490 6976 7055 7068 7439 7481 7648 7711 7826 8531 9011 9193 9536
10 154 215 442 461 636 672 797 869 1813 1936 2046 2188 2425 2651 2652 2899 3206 3331 3467 3579 3992 4091 4425 4465 4681 5684 5840 6130 6730 6768 7017 7397 7468 7840 7852 8115 8139 8147 8671 8768 8907 8954 9193 9194 9786
11 20 311 404 644 931 981 1476 2121 2349 2351 2453 2459 2834 3272 3458 3620 4128 4304 4537 5267 5699 5870 5996 6169 6447 6581 6975 7033 7163 7368 7526 7850 7853 8352 8402 8549 8679 8711 8799 8807 8897 8990 9107
12 77 456 1352 1358 1391 1835 2204 2267 3097 3458 3717 3802 3818 3825 3930 3975 4921 4958 5117 5546 5722 6104 7117 7129 7271 7442 7770 7821 7929 8132 8268 8457 9584 9617 9843
13 12 149 332 1005 1118 1365 1444 1656 1661 1735 1848 1859 1875 2082 3094 3405 3607 3873 4073 5430 5547 5576 6268 6485 6634 6769 7320 7667 7758 8359 8548 9083 9411 9489 9587 9731 9824 9930
14 777 1034 1310 1506 1679 2304 2843 3236 3255 3697 3756 3820 3919 4154 4238 4584 4817 4985 5239 5267 5365 5390 5431 5482 5792 6228 6337 6641 6654 7134 7493 7615 7624 7999 8371 8435 9198 9287 9343 9634 9819 9848
15 73 113 296 326 367 402 953 1572 1684 1760 1948 1955 2060 2843 2928 3322 3552 3600 3760 3791 4142 4483 4562 6264 6350 6380 6838 6966 7529 7783 8483 8556 9445
16 451 614 1133 1302 1482 1502 1514 1564 1642 1688 1737 2060 2124 2667 3244 4096 4475 4554 4654 4753 5051 5321 5571 5587 6172 6182 6184 6298 6477 6573 6860 7989 8022 8365 8498 8524 8556 8714 8784 8787 9151 9316 9323 9341 9342 9661 9717
17 57 157 189 534 754 830 1521 1814 1976 2108 2261 2730 2871 2877 3475 3569 3667 4243 4456 4673 5192 5529 5815 6606 6842 7140 7199 7804 7822 7879 7986 8435 8487 8964 9330 9614 9699 9913
18 425 526 1527 1765 2080 2152 2153 2409 3335 3363 3741 4321 4337 4867 4912 5789 5988 6223 6367 6389 6702 6820 6851 6907 8413 8430 8556 8641 8942 8949 9149 9192 9317 9531 9584 9680 9905
19 312 882 1434 1684 2246 2352 2973 3237 3358 3411 3595 3789 3883 3996 4581 4596 4919 4933 5140 6067 6345 6645 7195 7247 7450 7561 8185 8556 8875 9134 9466 9781 9857 9937 9942
20 342 389 468 811 919 1162 1363 1545 1817 1866 2058 2264 2563 2633 3720 3755 4000 4271 4454 4462 4662 4774 4797 4962 5180 5324 5962 6511 7069 7161 7450 7541 7933 8284 8605 8810 9001 9459 9768 9997
21 595 725 899 1239 1371 1596 1649 1850 2088 2160 2676 2758 3247 3364 3521 3645 3672 3756 3778 3783 3948 4181 4782 4855 4967 5153 5276 5607 5921 5993 6284 6705 6935 7842 8068 8709 9258 9349 9503
22 173 431 433 571 1132 1189 1556 1734 1777 1786 2030 2074 2381 2764 3130 3539 3618 3752 3942 4668 4768 4868 4960 5040 5791 6507 6641 7189 7265 7381 7424 7824 7825 8458
23 324 860 900 954 996 1262 1405 1433 1664 1751 1927 2477 2775 2997 3689 3712 3746 4223 4433 4994 5094 5178 5706 5921 6119 6304 6523 6753 6762 6857 7223 7247 7291 7310 8060 8315 8376 8520 8796 8969 9098 9178 9317 9517 9521 9525 9613
24 86 139 140 155 290 583 662 923 1065 1801 2112 2357 2773 2945 2952 2955 3053 3802 4140 4370 4806 4834 5159 5255 5773 6076 6577 6593 6917 6924 6926 7360 7585 7897 8047 8083 8105 8121 8151 8280 8361 8593 8597 8674 8853 8921 8993 9006 9032 9502 9608 9709 9810
25 1069 1225 1331 1460 1650 1968 2221 2459 2860 2881 3127 3756 3811 3996 4023 4090 4626 6078 6359 6475 6503 6695 6701 6866 7049 7234 7325 8250 8902 9055 9273 9492 9737 9896
26 193 536 575 636 708 872 982 1002 1077 1502 1557 2051 2054 2255 2527 2809 2890 2911 3162 3734 4105 4518 5174 5188 5345 5624 5926 6057 6318 6340 6585 6589 7655 7946 7981 8477 8556 8616 8739 9054 9690
27 273 281 588 1334 1338 1466 1976 2083 2494 3011 3356 3772 3974 4087 4093 4353 4626 4823 4933 4958 4999 5531 6147 6252 6379 6609 7004 7964 8107 8425 8842 9432 9557 9622
28 120 182 332 381 590 615 860 890 1056 1142 1170 1291 1545 2002 2056 2341 2356 2384 2448 3576 3680 3697 3756 3822 4227 4475 4714 4959 5154 5584 5792 6165 7260 7626 7647 8096 8717 9074 9559
29 15 241 899 1021 1269 1709 1897 2223 2434 2693 3244 3880 4067 4220 4351 4522 4842 4903 5079 5258 5276 5707 6502 7245 7549 7637 7792 7834 8007 8050 8325 8555 8697 8829 8908 9511 9682
30 1154 1179 1183 1307 1624 1666 1762 1913 2698 2866 3138 3368 3372 4154 4232 4601 5140 5229 5390 5655 5736 6427 7427 7933 8078 8277 8416 8428 8960 9272
31 0 969 1001 1181 1683 2007 2636 3100 3244 3250 3355 3394 3632 3995 4147 4702 4992 5489 5941 6041 6075 6277 6530 6729 6802 7022 7194 7460 7523 7542 8170 8251 8388 8809 8915 9828
32 973 1589 2280 3183 3466 3790 3995 4033 4567 4701 4719 5585 5725 5911 6006 6071 6209 6277 6299 6331 7153 7389 7423 7541 7556 8293 8661 8696 9346 9608
33 82 494 510 682 757 1208 1384 1758 1784 2442 3729 3877 3928 3975 4430 4814 4830 4849 5459 5670 5675 5693 6160 6345 6489 7050 7450 7560 7632 7871 7924 8084 8137 8447 8785 8819 8978 9855
34 198 472 708 872 1167 1220 1308 1457 1960 2261 2492 2548 2576 3120 3539 3808 4103 4491 4583 4697 4898 5621 5745 5965 6464 6574 6887 6941 7261 7824 8123 8212 8443 8551 8764 8816 8854 9105 9313 9398 9896
35 19 415 443 547 558 810 906 985 1074 1498 1578 1612 1633 1947 2129 2313 2652 3016 3086 3704 3756 3776 3849 4317 4771 5120 5510 6037 6812 7026 7218 7350 7565 7911 8070 8429 8837 9117 9667 9945
36 591 900 1104 1310 1527 1685 2001 2210 2593 3483 3983 4043 4086 4273 4406 4596 4750 4885 5026 5287 5625 5720 5802 6142 6548 6715 6860 6966 7055 7459 7618 8028 8051 8088 8284 8380 9193 9823 9925
37 102 247 658 1077 1454 1456 1464 1561 1671 1674 1722 1931 2015 2076 2206 2263 2327 2480 3460 3555 3659 3942 4398 4610 4641 4727 5869 6284 6290 6475 6485 6978 7077 7657 8458 8552 8619 8875 9455 9584 9657 9760 9789
38 108 120 848 1044 1263 1521 1767 1826 2153 2216 2435 2454 2504 2641 3044 3105 3244 3312 3500 4063 4532 4670 4737 5034 5570 6015 6248 6589 7059 7117 7315 7344 7546 7626 7800 7876 7984 7988 8283 8347 8700 8939 9245 9579
39 814 882 968 1094 1516 1662 1674 1683 1791 2308 2541 2753 2963 3122 3197 3629 3777 4626 5538 5936 6609 6729 6746 7074 7814 7821 9008 9170 9227 9496 9525
40 193 194 301 374 884 922 1164 1310 2335 3333 3510 3923 3975 4008 4016 4033 4462 4487 5327 5340 5921 7153 7156 7350 7396 7437 7769 7895 8113 8334 8650 8752 8900
41 559 632 1036 1243 1459 1502 1643 1720 2401 2447 2587 3248 3348 3671 4168 4247 4604 5365 5539 5721 5879 5972 6012 6238 6637 6860 6868 6994 7409 7810 8147 8233 8524 8751 9175 9204 9584 9609 9797
42 81 320 752 1263 1321 1703 1737 1786 1977 2071 2258 2438 2620 2873 2917 3006 3371 3678 4055 4888 5212 5319 5642 5832 6203 6373 7352 7462 7712 7837 7946 8214 9263 9374 9636 9738
43 179 480 483 825 939 1056 1195 1313 1927 2266 2521 2548 2925 3158 3477 3880 3945 4247 4423 4595 4669 5282 5506 5789 6221 6640 7145 7188 7711 8074 8323 8398 8456 8935 9107 9136 9220 9639 9967
44 83 424 568 670 1040 1173 1548 1697 1965 2075 2116 2151 2373 2375 2838 2847 2956 3221 3859 4187 4551 4996 5318 5455 5636 5694 6670 6776 6996 7273 8209 8219 9018 9072 9773 9962
45 716 1125 1205 1723 1769 1973 1980 2170 2246 2422 2474 2483 2545 2865 3113 3376 3646 3956 3999 4071 4628 4710 5026 5685 5793 6243 6639 6783 6958 7040 7043 7242 7265 7347 7798 7989 8275 8365 8648 8814 9138 9316 9696 9940
46 176 553 1236 1501 1674 1929 1966 2117 2305 3044 3263 3732 4310 4679 4883 5216 5614 5633 6453 6470 6564 6799 6892 6958 7007 7440 7608 8078 8184 8460 8498 8639 8684 9174
47 138 145 669 969 1138 1167 1422 1843 2369 2486 2614 2983 3097 3311 3418 3596 3600 3975 4011 4512 4633 4819 5051 5091 5144 5405 5472 6025 6039 6374 6742 6930 6941 7185 7474 8462 8664 8787 9097 9193
48 49 541 635 738 1004 1009 1197 1638 1870 1936 2434 2884 2986 3281 3363 4057 4247 4770 4775 4978 5739 5804 5896 6169 6231 6322 7072 7309 7513 7623 7684 8184 8186 8317 8380 8567 9347 9755 9955
49 422 491 839 1150 1827 2848 2884 3051 3062 3497 3544 3741 4269 4412 4462 4479 4821 5594 5598 5618 6187 6226 6237 6334 6453 6626 6825 7674 7912 8003 8189 8685 8688 8767 9688
50 348 538 641 1460 1461 1502 1527 1670 1671 1941 2177 2711 2907 3265 3818 4039 4264 4342 4641 4669 4677 4788 4843 5135 6380 6729 6871 7598 7903 7921 8014 8195 8520 8621 8814 9330 9587
51 115 217 224 230 425 750 997 1023 1117 1180 1532 1868 2526 2892 3121 3651 3688 3703 3730 3782 3801 3823 4029 4124 4310 4684 4961 5000 5451 5705 6049 6265 6535 6594 7242 7740 8812 8824 9709 9771
52 154 323 547 728 915 1200 1554 1853 1884 2157 2977 3783 3931 4116 4208 4268 4517 4698 4791 5282 5329 5474 5505 5671 5715 5736 5914 6259 6453 6533 7595 7636 7990 8374 8515 8590 8672 8705 8812 9792 9902
53 88 407 449 847 1278 1388 1501 1566 1647 1737 2300 2391 2506 2642 2848 2948 3052 3213 3339 3717 4198 4349 4557 4619 4621 4891 4959 5028 5873 5926 6081 6117 6420 6667 6807 7450 7589 7635 8123 8380 8556 8833 8978 9323 9444 9464 9521 9978
54 338 485 1212 1310 1642 1737 1885 2084 2231 2590 3149 3313 3343 3559 4521 4891 5123 5210 5380 5536 5832 5875 6057 6066 6067 6117 7110 7292 7846 7931 8034 8172 8583 8874 8965 9190 9636 9684 9730
55 327 457 505 557 655 893 922 1452 1708 2209 2862 3229 3270 3687 3925 4275 4277 4285 4604 4941 5164 5429 5467 6270 6525 6528 6672 6703 6722 7080 7145 7167 7614 8972 9013 9334 9622 9709 9778 9901
56 161 187 284 552 732 812 871 992 1220 1244 1419 1498 1531 1602 1812 1958 2074 2153 2500 2848 3182 3331 3581 3647 4018 4188 4311 4455 4554 5052 5204 5304 5480 5567 5708 6014 6122 6316 6534 6976 7065 7079 7957 7959 7966 8135 8220 8361 8373 8391 8505 8668 8937 9474
57 107 159 350 480 554 589 708 810 864 1020 1192 1239 1316 1994 2063 2139 2147 2548 2614 2980 3334 4056 4398 4520 4578 5033 5034 5210 5691 6049 6431 6593 6807 6913 6975 7168 7457 7566 8262 8882 9717 9957
58 299 630 760 761 935 1012 1061 1446 1586 1965 2105 3072 3165 3632 4184 4359 4557 4630 4816 5570 5755 5926 6276 6347 6534 6650 7051 7414 7911 8925 8935 9277 9711 9847 9989
59 279 471 643 1121 1893 2378 2513 2688 3037 3224 3451 3483 3594 3854 4143 5120 5258 5357 5717 6288 6388 6391 6709 6733 6814 7307 7912 7931 7996 8106 8473 8719 8758 8967 9583
60 209 295 401 583 1290 1502 3026 3240 3264 3975 4022 4181 4247 4340 4436 4446 4645 4726 4781 4896 4932 4939 4957 5454 6402 6738 6832 6887 6919 6955 7134 7268 7538 7730 8061 8309 8557 8892 9133 9496 9772 9990
61 13 64 138 818 947 1153 1290 1737 1980 1986 2280 2398 2459 3097 3153 3465 3594 4410 4889 5188 5360 5638 5691 5693 5698 5942 6049 6392 6496 6639 6652 6729 7596 7885 7989 8112 8597 8944 9635 9842
62 310 1287 1310 1311 1791 1954 2007 2174 2883 3097 3439 3465 3525 3608 3610 3736 3863 3976 4525 5031 5185 5426 5866 5873 5934 5956 6030 6138 6291 6604 7126 7185 7500 7579 7798 8117 8293 8491 8510 8777 9302 9709
63 271 461 647 1007 1272 2151 2853 2858 3300 3481 3593 3882 3975 5030 5136 5254 5598 5704 6043 6102 6130 6168 6298 6384 6708 6742 7051 7244 7450 7627 7630 7677 7922 8458 8462 8937 8965 9047 9127 9136 9584 9947
64 474 709 842 1004 1051 1412 2153 2449 2619 3191 3442 3486 3690 3756 3817 3931 4203 4220 4529 4617 5699 6051 6188 7192 7438 7518 7863 7897 7958 8384 8453 9138 9200 9332 9399 9418 9547 9596
65 6 66 157 520 925 937 1640 2097 2456 3169 3171 3533 3656 4019 4343 4542 5072 5191 5414 5752 5873 6318 6452 7139 7225 7635 7843 8766 8935 9142 9516 9713
66 460 608 769 1510 1632 1833 2043 2247 2486 2523 3131 3223 3712 3756 3918 4061 4079 4307 4462 4545 5136 5545 6479 6580 6700 6732 6882 7055 7585 8278 8572 8947 8962 9118 9354 9506 9684 9832 9930
67 14 120 247 251 386 740 871 1336 1680 3380 3477 3520 3583 3599 3867 4443 4786 4877 5027 5263 5379 5817 5921 6075 6316 6575 7076 7079 7557 7800 8458 8771 9092 9154 9264 9810 9890 9894
68 186 477 535 753 867 1211 1421 2163 2177 2264 2322 2642 2683 2848 3153 3380 3642 4340 4406 4601 4692 5069 5377 5645 5926 5962 6316 6764 7261 7585 7824 8108 8360 8455 8678 8822 8951 9079 9291 9347 9380 9395 9610 9914
69 122 611 699 1134 1372 1393 2210 2509 2790 3130 3495 3506 3739 4824 4940 5180 5405 5904 6327 7123 7189 7394 7600 8610 8712 9164 9322 9539 9587 9839
70 27 55 865 948 1323 1404 2282 2531 2596 2796 2857 3003 3050 3163 3499 3695 4289 4359 4615 4993 5295 5423 5556 5697 5786 5914 6002 6086 6393 6472 7007 7078 7237 8402 8422 9270 9381 9621 9709 9748 9990
71 155 471 495 1050 1158 1200 1238 1409 1653 1751 1830 1913 2018 2429 2519 2644 2808 3190 3560 5132 5334 5382 5612 5859 7331 7352 7862 7902 8207 8726 9108 9326 9745 9786
72 249 319 492 496 524 690 812 1177 1310 1334 1676 2116 2507 2590 2661 2848 2990 3221 4119 4354 4870 5337 5605 5883 6173 6441 6515 6655 6765 6792 7079 7280 7286 7375 7546 7726 8190 8392 8943 9180 9201
73 133 278 492 843 1075 1836 3244 3593 4168 4855 5007 5119 5790 5947 6190 6464 7104 7624 7697 7824 8270 8414 8507 8611 8684 8718 8721 8745 8879 9667 9805
74 366 574 790 961 1013 1141 1249 1676 1878 1933 2193 2264 2349 3078 3097 3685 4277 4483 4685 5120 5327 5369 5946 6469 6607 6912 6966 7450 7516 7672 7800 7819 8252 8470 9782
75 102 181 311 337 416 764 1152 1263 1441 1784 1860 2316 2538 2850 2887 3190 3294 3329 3992 4348 4513 4752 5152 5408 5741 5922 6049 6151 6250 6625 6770 6784 7613 8657 9344
76 950 1310 1510 1705 1896 1938 2003 2301 2346 2408 2780 3274 3639 3668 3737 4069 4115 4484 4624 4791 4984 5257 5477 6058 6083 6495 6652 7008 7028 7055 7189 7626 7635 7735 7828 7986 8029 8558 8962 8985 9311 9514 9584 9608 9661
77 249 778 1310 1650 1689 1790 1816 1951 1977 2480 2900 3137 3355 3414 3811 3870 4077 4362 5801 5985 6207 6397 6402 7228 7231 7248 7526 7740 7963 8148 8222 8225 8434 8493 8641 9044 9296 9702 9841
78 423 930 940 1263 1427 1485 1731 2034 2955 2975 3236 3396 3690 4301 4449 4475 4734 4892 5476 5603 5876 6746 7092 7258 7676 7713 7715 7852 7888 7950 8348 8573 8991 9471 9860 9928
79 3 222 282 711 740 1502 1671 1723 2264 2714 2848 2928 3508 3735 3907 4240 5008 5051 5271 5496 5501 6127 6688 7365 7450 7599 7656 7902 8943 9116 9277 9281 9375 9996
80 226 494 764 940 1287 1679 1717 1881 2432 2488 2513 2588 2668 2670 2800 3095 3353 3563 3705 3743 4179 4554 5229 5351 5497 5635 5653 6260 6328 6421 6585 6706 6817 7513 7923 8449 8555 8615 8867 8974 9249 9741 9945
81 24 122 143 297 449 1306 1464 1847 2171 2862 3058 3092 3780 3891 4113 4167 4314 4516 4617 4829 5044 5082 5178 5469 5939 6012 6099 6158 6496 6637 6654 6809 6877 7520 7712 7809 8283 8388 8769 9326 9471 9519 9717
82 198 233 301 867 998 1246 1270 1671 1951 2060 2375 2398 2405 2604 3225 3549 3596 3753 3868 4128 4826 4918 5744 5840 5879 5908 5913 6575 6979 6993 7014 7038 7450 7591 7652 8120 8138 8147 8850 8868 9534 9684
83 196 232 295 555 1056 1263 1500 2348 2391 2405 2671 3613 3769 3858 4210 4236 4393 4613 4685 5451 5526 5848 5970 6047 6866 7207 7352 7688 8068 8369 8428 8451 9040 9198 9412 9548 9828
84 117 323 346 1003 1671 1985 2053 2228 2591 2637 2806 2887 2956 3256 3598 3629 3887 4077 4761 4946 5179 5307 5432 5550 6205 6826 6860 7202 7624 7722 7729 7749 8410 8900 9049 9305 9789 9847 9875
85 54 125 269 475 592 626 659 725 968 1719 2066 2285 2463 2858 3025 3149 3281 3767 4367 4563 4629 5193 5868 6210 6414 6697 6868 7022 7303 7326 7944 7984 8334 8556 8727 8949 9031 9251 9798
86 554 638 722 953 1448 2137 2264 2623 2848 3058 3248 3347 3422 3565 3782 3805 3849 3887 3975 4181 4611 4646 4764 4813 4827 4872 5358 5566 6556 6825 7713 7918 7936 8202 8553 8796 9193 9455 9556
87 346 454 574 931 932 1075 1328 1420 1641 2147 2209 2264 2312 2749 2768 2874 3198 3300 3556 3942 4349 4626 4627 5496 5541 5606 5847 6059 6389 6889 7136 7376 8030 9910 9984
88 19 501 986 1116 1171 1290 1540 1695 1793 2522 2710 3177 3277 3559 4347 4843 5177 5732 5746 6170 6394 6404 6578 6859 7177 8297 8402 8485 8497 8781 8923 9122 9272 9428 9649 9667
89 371 508 664 979 1387 1685 1933 2102 2387 4412 4557 4734 4866 4891 4999 5665 5733 6020 6088 6114 6549 6613 6759 6890 7727 7768 7827 8034 8642 9372 9517 9849 9915
90 575 921 1046 1277 1359 1667 1863 2640 3083 3283 3403 3799 3892 3897 4112 4184 4897 4976 5708 6467 7044 7082 7096 7147 7545 8095 8253 8421 8458 8846 8864 9607 9884 9908
91 145 199 507 579 885 1049 1155 1523 1677 1703 1819 1845 2611 2692 2766 3144 3296 3485 3767 4406 4729 5156 5499 6245 6862 7850 7876 8533 8579 9145 9484 9494
92 23 377 469 781 1129 1315 1590 1671 2200 2284 2457 2534 2548 2624 2728 2761 2917 2973 3110 3147 3754 4231 4307 4404 4483 5779 6736 6764 7336 7671 7806 8247 8285 8521 9032 9128 9356 9458 9584 9709 9714 9792 9894
93 312 568 761 776 1044 1229 1279 1563 2260 2591 2780 2790 2873 2874 3198 3342 3493 3541 3638 4291 4343 4606 5408 5420 5665 5727 5751 6473 6615 7055 7613 7849 8137 8311 8724 9095 9561 9603
94 120 370 459 462 473 538 708 1121 1129 1261 1262 1453 1502 1671 1798 2123 2432 2818 3497 3511 3516 3592 3756 3757 3808 3862 4213 4310 4475 4712 4724 5215 5714 6720 6743 6852 7016 7552 7585 7891 8556 8768 9408 9744
95 417 516 733 967 1068 1679 1899 2358 2399 2912 3027 3086 3097 3106 3265 3826 3840 4107 4375 4429 4536 5008 5015 5037 5205 5427 5751 5992 6347 6374 6501 6678 7446 7530 7579 8937 9049 9379 9875
96 793 855 960 1304 1441 1524 1957 1958 2044 2240 2942 3120 3169 3593 3677 4987 5005 5213 5263 5404 5884 6203 6290 6788 6822 7205 7373 7628 8121 8218 8220 8301 8622 8726 9193 9248 9570
97 11 27 437 708 885 962 1635 1723 2073 2175 2680 2735 2887 3097 3136 3179 4422 4629 4782 5282 5501 5804 6150 6227 6318 6376 6559 6750 7358 7451 7776 7830 7933 8255 8335 8364 8379 8487 8650 8929 9293 9621 9817
98 157 224 250 472 482 522 740 823 965 1016 1130 1135 1157 1703 1801 1861 2504 2524 2547 3012 3188 3774 3777 4069 4104 4247 4633 5555 5618 6145 7804 8171 8298 8458 8548 8580 8933 9384 9761
99 69 114 122 276 544 922 1132 1173 1585 1929 2264 2857 2889 2955 2986 2999 3063 3101 3106 3523 3819 4425 4498 4858 5319 6063 6163 6552 7034 7352 7450 7475 7640 7891 8050 8207 8556 8923 8975 9258 9584 9751 9887 9916
